{"/home/pnkbizz/web/vue-yandex-maps/src/Clusterer.ts": {"path":"/home/pnkbizz/web/vue-yandex-maps/src/Clusterer.ts","statementMap":{"0":{"start":{"line":2,"column":0},"end":{"line":2,"column":62}},"1":{"start":{"line":3,"column":16},"end":{"line":3,"column":32}},"2":{"start":{"line":4,"column":14},"end":{"line":4,"column":28}},"3":{"start":{"line":5,"column":18},"end":{"line":5,"column":72}},"4":{"start":{"line":6,"column":0},"end":{"line":36,"column":3}},"5":{"start":{"line":11,"column":28},"end":{"line":11,"column":30}},"6":{"start":{"line":16,"column":26},"end":{"line":16,"column":60}},"7":{"start":{"line":17,"column":50},"end":{"line":17,"column":93}},"8":{"start":{"line":18,"column":33},"end":{"line":24,"column":9}},"9":{"start":{"line":19,"column":12},"end":{"line":20,"column":23}},"10":{"start":{"line":20,"column":16},"end":{"line":20,"column":23}},"11":{"start":{"line":21,"column":12},"end":{"line":21,"column":35}},"12":{"start":{"line":22,"column":12},"end":{"line":22,"column":51}},"13":{"start":{"line":23,"column":12},"end":{"line":23,"column":21}},"14":{"start":{"line":25,"column":63},"end":{"line":25,"column":103}},"15":{"start":{"line":26,"column":8},"end":{"line":26,"column":95}},"16":{"start":{"line":27,"column":8},"end":{"line":29,"column":11}},"17":{"start":{"line":28,"column":12},"end":{"line":28,"column":36}},"18":{"start":{"line":30,"column":8},"end":{"line":32,"column":11}},"19":{"start":{"line":31,"column":12},"end":{"line":31,"column":39}},"20":{"start":{"line":33,"column":8},"end":{"line":33,"column":26}},"21":{"start":{"line":34,"column":8},"end":{"line":34,"column":39}},"22":{"start":{"line":34,"column":21},"end":{"line":34,"column":38}}},"fnMap":{"0":{"name":"(anonymous_0)","decl":{"start":{"line":11,"column":21},"end":{"line":11,"column":22}},"loc":{"start":{"line":11,"column":28},"end":{"line":11,"column":30}},"line":11},"1":{"name":"(anonymous_1)","decl":{"start":{"line":15,"column":4},"end":{"line":15,"column":5}},"loc":{"start":{"line":15,"column":42},"end":{"line":35,"column":5}},"line":15},"2":{"name":"(anonymous_2)","decl":{"start":{"line":18,"column":33},"end":{"line":18,"column":34}},"loc":{"start":{"line":18,"column":50},"end":{"line":24,"column":9}},"line":18},"3":{"name":"(anonymous_3)","decl":{"start":{"line":27,"column":29},"end":{"line":27,"column":30}},"loc":{"start":{"line":27,"column":35},"end":{"line":29,"column":9}},"line":27},"4":{"name":"(anonymous_4)","decl":{"start":{"line":30,"column":35},"end":{"line":30,"column":36}},"loc":{"start":{"line":30,"column":41},"end":{"line":32,"column":9}},"line":30},"5":{"name":"(anonymous_5)","decl":{"start":{"line":34,"column":15},"end":{"line":34,"column":16}},"loc":{"start":{"line":34,"column":21},"end":{"line":34,"column":38}},"line":34}},"branchMap":{"0":{"loc":{"start":{"line":17,"column":50},"end":{"line":17,"column":93}},"type":"binary-expr","locations":[{"start":{"line":17,"column":50},"end":{"line":17,"column":87}},{"start":{"line":17,"column":91},"end":{"line":17,"column":93}}],"line":17},"1":{"loc":{"start":{"line":19,"column":12},"end":{"line":20,"column":23}},"type":"if","locations":[{"start":{"line":19,"column":12},"end":{"line":20,"column":23}},{"start":{},"end":{}}],"line":19},"2":{"loc":{"start":{"line":19,"column":16},"end":{"line":19,"column":41}},"type":"binary-expr","locations":[{"start":{"line":19,"column":16},"end":{"line":19,"column":26}},{"start":{"line":19,"column":30},"end":{"line":19,"column":41}}],"line":19}},"s":{"0":0,"1":0,"2":0,"3":0,"4":0,"5":0,"6":0,"7":0,"8":0,"9":0,"10":0,"11":0,"12":0,"13":0,"14":0,"15":0,"16":0,"17":0,"18":0,"19":0,"20":0,"21":0,"22":0},"f":{"0":0,"1":0,"2":0,"3":0,"4":0,"5":0},"b":{"0":[0,0],"1":[0,0],"2":[0,0]},"inputSourceMap":null}
,"/home/pnkbizz/web/vue-yandex-maps/src/Collection.ts": {"path":"/home/pnkbizz/web/vue-yandex-maps/src/Collection.ts","statementMap":{"0":{"start":{"line":2,"column":0},"end":{"line":2,"column":62}},"1":{"start":{"line":3,"column":16},"end":{"line":3,"column":32}},"2":{"start":{"line":4,"column":14},"end":{"line":4,"column":28}},"3":{"start":{"line":5,"column":18},"end":{"line":5,"column":72}},"4":{"start":{"line":6,"column":0},"end":{"line":36,"column":3}},"5":{"start":{"line":11,"column":28},"end":{"line":11,"column":30}},"6":{"start":{"line":16,"column":27},"end":{"line":16,"column":75}},"7":{"start":{"line":17,"column":50},"end":{"line":17,"column":93}},"8":{"start":{"line":18,"column":33},"end":{"line":24,"column":9}},"9":{"start":{"line":19,"column":12},"end":{"line":20,"column":23}},"10":{"start":{"line":20,"column":16},"end":{"line":20,"column":23}},"11":{"start":{"line":21,"column":12},"end":{"line":21,"column":70}},"12":{"start":{"line":21,"column":39},"end":{"line":21,"column":68}},"13":{"start":{"line":22,"column":12},"end":{"line":22,"column":52}},"14":{"start":{"line":23,"column":12},"end":{"line":23,"column":21}},"15":{"start":{"line":25,"column":63},"end":{"line":25,"column":103}},"16":{"start":{"line":26,"column":8},"end":{"line":26,"column":95}},"17":{"start":{"line":27,"column":8},"end":{"line":29,"column":11}},"18":{"start":{"line":28,"column":12},"end":{"line":28,"column":37}},"19":{"start":{"line":30,"column":8},"end":{"line":32,"column":11}},"20":{"start":{"line":31,"column":12},"end":{"line":31,"column":40}},"21":{"start":{"line":33,"column":8},"end":{"line":33,"column":27}},"22":{"start":{"line":34,"column":8},"end":{"line":34,"column":39}},"23":{"start":{"line":34,"column":21},"end":{"line":34,"column":38}}},"fnMap":{"0":{"name":"(anonymous_0)","decl":{"start":{"line":11,"column":21},"end":{"line":11,"column":22}},"loc":{"start":{"line":11,"column":28},"end":{"line":11,"column":30}},"line":11},"1":{"name":"(anonymous_1)","decl":{"start":{"line":15,"column":4},"end":{"line":15,"column":5}},"loc":{"start":{"line":15,"column":42},"end":{"line":35,"column":5}},"line":15},"2":{"name":"(anonymous_2)","decl":{"start":{"line":18,"column":33},"end":{"line":18,"column":34}},"loc":{"start":{"line":18,"column":50},"end":{"line":24,"column":9}},"line":18},"3":{"name":"(anonymous_3)","decl":{"start":{"line":21,"column":24},"end":{"line":21,"column":25}},"loc":{"start":{"line":21,"column":39},"end":{"line":21,"column":68}},"line":21},"4":{"name":"(anonymous_4)","decl":{"start":{"line":27,"column":29},"end":{"line":27,"column":30}},"loc":{"start":{"line":27,"column":35},"end":{"line":29,"column":9}},"line":27},"5":{"name":"(anonymous_5)","decl":{"start":{"line":30,"column":35},"end":{"line":30,"column":36}},"loc":{"start":{"line":30,"column":41},"end":{"line":32,"column":9}},"line":30},"6":{"name":"(anonymous_6)","decl":{"start":{"line":34,"column":15},"end":{"line":34,"column":16}},"loc":{"start":{"line":34,"column":21},"end":{"line":34,"column":38}},"line":34}},"branchMap":{"0":{"loc":{"start":{"line":17,"column":50},"end":{"line":17,"column":93}},"type":"binary-expr","locations":[{"start":{"line":17,"column":50},"end":{"line":17,"column":87}},{"start":{"line":17,"column":91},"end":{"line":17,"column":93}}],"line":17},"1":{"loc":{"start":{"line":19,"column":12},"end":{"line":20,"column":23}},"type":"if","locations":[{"start":{"line":19,"column":12},"end":{"line":20,"column":23}},{"start":{},"end":{}}],"line":19},"2":{"loc":{"start":{"line":19,"column":16},"end":{"line":19,"column":42}},"type":"binary-expr","locations":[{"start":{"line":19,"column":16},"end":{"line":19,"column":27}},{"start":{"line":19,"column":31},"end":{"line":19,"column":42}}],"line":19}},"s":{"0":0,"1":0,"2":0,"3":0,"4":0,"5":0,"6":0,"7":0,"8":0,"9":0,"10":0,"11":0,"12":0,"13":0,"14":0,"15":0,"16":0,"17":0,"18":0,"19":0,"20":0,"21":0,"22":0,"23":0},"f":{"0":0,"1":0,"2":0,"3":0,"4":0,"5":0,"6":0},"b":{"0":[0,0],"1":[0,0],"2":[0,0]},"inputSourceMap":null}
,"/home/pnkbizz/web/vue-yandex-maps/src/Map.ts": {"path":"/home/pnkbizz/web/vue-yandex-maps/src/Map.ts","statementMap":{"0":{"start":{"line":2,"column":0},"end":{"line":2,"column":62}},"1":{"start":{"line":3,"column":16},"end":{"line":3,"column":32}},"2":{"start":{"line":4,"column":14},"end":{"line":4,"column":28}},"3":{"start":{"line":5,"column":14},"end":{"line":5,"column":59}},"4":{"start":{"line":6,"column":20},"end":{"line":6,"column":42}},"5":{"start":{"line":7,"column":18},"end":{"line":7,"column":72}},"6":{"start":{"line":8,"column":0},"end":{"line":96,"column":3}},"7":{"start":{"line":33,"column":27},"end":{"line":33,"column":36}},"8":{"start":{"line":34,"column":32},"end":{"line":34,"column":100}},"9":{"start":{"line":34,"column":53},"end":{"line":34,"column":99}},"10":{"start":{"line":42,"column":28},"end":{"line":42,"column":30}},"11":{"start":{"line":47,"column":24},"end":{"line":47,"column":45}},"12":{"start":{"line":48,"column":30},"end":{"line":48,"column":111}},"13":{"start":{"line":50,"column":23},"end":{"line":50,"column":71}},"14":{"start":{"line":51,"column":33},"end":{"line":57,"column":9}},"15":{"start":{"line":52,"column":12},"end":{"line":53,"column":23}},"16":{"start":{"line":53,"column":16},"end":{"line":53,"column":23}},"17":{"start":{"line":54,"column":12},"end":{"line":54,"column":75}},"18":{"start":{"line":54,"column":39},"end":{"line":54,"column":73}},"19":{"start":{"line":55,"column":12},"end":{"line":55,"column":56}},"20":{"start":{"line":56,"column":12},"end":{"line":56,"column":21}},"21":{"start":{"line":58,"column":50},"end":{"line":58,"column":90}},"22":{"start":{"line":59,"column":8},"end":{"line":59,"column":82}},"23":{"start":{"line":60,"column":21},"end":{"line":79,"column":9}},"24":{"start":{"line":61,"column":12},"end":{"line":61,"column":33}},"25":{"start":{"line":62,"column":12},"end":{"line":69,"column":15}},"26":{"start":{"line":70,"column":12},"end":{"line":70,"column":91}},"27":{"start":{"line":70,"column":44},"end":{"line":70,"column":89}},"28":{"start":{"line":70,"column":74},"end":{"line":70,"column":88}},"29":{"start":{"line":71,"column":12},"end":{"line":77,"column":13}},"30":{"start":{"line":72,"column":33},"end":{"line":72,"column":68}},"31":{"start":{"line":73,"column":16},"end":{"line":76,"column":19}},"32":{"start":{"line":74,"column":20},"end":{"line":74,"column":54}},"33":{"start":{"line":75,"column":20},"end":{"line":75,"column":90}},"34":{"start":{"line":78,"column":12},"end":{"line":78,"column":33}},"35":{"start":{"line":80,"column":8},"end":{"line":83,"column":9}},"36":{"start":{"line":81,"column":29},"end":{"line":81,"column":68}},"37":{"start":{"line":82,"column":12},"end":{"line":82,"column":39}},"38":{"start":{"line":84,"column":8},"end":{"line":89,"column":9}},"39":{"start":{"line":85,"column":12},"end":{"line":85,"column":30}},"40":{"start":{"line":88,"column":12},"end":{"line":88,"column":54}},"41":{"start":{"line":90,"column":8},"end":{"line":90,"column":20}},"42":{"start":{"line":91,"column":8},"end":{"line":94,"column":11}},"43":{"start":{"line":91,"column":21},"end":{"line":94,"column":10}}},"fnMap":{"0":{"name":"(anonymous_0)","decl":{"start":{"line":33,"column":21},"end":{"line":33,"column":22}},"loc":{"start":{"line":33,"column":27},"end":{"line":33,"column":36}},"line":33},"1":{"name":"(anonymous_1)","decl":{"start":{"line":34,"column":23},"end":{"line":34,"column":24}},"loc":{"start":{"line":34,"column":32},"end":{"line":34,"column":100}},"line":34},"2":{"name":"(anonymous_2)","decl":{"start":{"line":34,"column":42},"end":{"line":34,"column":43}},"loc":{"start":{"line":34,"column":53},"end":{"line":34,"column":99}},"line":34},"3":{"name":"(anonymous_3)","decl":{"start":{"line":42,"column":21},"end":{"line":42,"column":22}},"loc":{"start":{"line":42,"column":28},"end":{"line":42,"column":30}},"line":42},"4":{"name":"(anonymous_4)","decl":{"start":{"line":46,"column":4},"end":{"line":46,"column":5}},"loc":{"start":{"line":46,"column":42},"end":{"line":95,"column":5}},"line":46},"5":{"name":"(anonymous_5)","decl":{"start":{"line":51,"column":33},"end":{"line":51,"column":34}},"loc":{"start":{"line":51,"column":50},"end":{"line":57,"column":9}},"line":51},"6":{"name":"(anonymous_6)","decl":{"start":{"line":54,"column":24},"end":{"line":54,"column":25}},"loc":{"start":{"line":54,"column":39},"end":{"line":54,"column":73}},"line":54},"7":{"name":"(anonymous_7)","decl":{"start":{"line":60,"column":21},"end":{"line":60,"column":22}},"loc":{"start":{"line":60,"column":27},"end":{"line":79,"column":9}},"line":60},"8":{"name":"(anonymous_8)","decl":{"start":{"line":70,"column":33},"end":{"line":70,"column":34}},"loc":{"start":{"line":70,"column":44},"end":{"line":70,"column":89}},"line":70},"9":{"name":"(anonymous_9)","decl":{"start":{"line":70,"column":67},"end":{"line":70,"column":68}},"loc":{"start":{"line":70,"column":74},"end":{"line":70,"column":88}},"line":70},"10":{"name":"(anonymous_10)","decl":{"start":{"line":73,"column":33},"end":{"line":73,"column":34}},"loc":{"start":{"line":73,"column":50},"end":{"line":76,"column":17}},"line":73},"11":{"name":"(anonymous_11)","decl":{"start":{"line":91,"column":15},"end":{"line":91,"column":16}},"loc":{"start":{"line":91,"column":21},"end":{"line":94,"column":10}},"line":91}},"branchMap":{"0":{"loc":{"start":{"line":48,"column":30},"end":{"line":48,"column":111}},"type":"binary-expr","locations":[{"start":{"line":48,"column":31},"end":{"line":48,"column":66}},{"start":{"line":48,"column":70},"end":{"line":48,"column":104}},{"start":{"line":48,"column":109},"end":{"line":48,"column":111}}],"line":48},"1":{"loc":{"start":{"line":52,"column":12},"end":{"line":53,"column":23}},"type":"if","locations":[{"start":{"line":52,"column":12},"end":{"line":53,"column":23}},{"start":{},"end":{}}],"line":52},"2":{"loc":{"start":{"line":52,"column":16},"end":{"line":52,"column":35}},"type":"binary-expr","locations":[{"start":{"line":52,"column":16},"end":{"line":52,"column":20}},{"start":{"line":52,"column":24},"end":{"line":52,"column":35}}],"line":52},"3":{"loc":{"start":{"line":71,"column":12},"end":{"line":77,"column":13}},"type":"if","locations":[{"start":{"line":71,"column":12},"end":{"line":77,"column":13}},{"start":{},"end":{}}],"line":71},"4":{"loc":{"start":{"line":80,"column":8},"end":{"line":83,"column":9}},"type":"if","locations":[{"start":{"line":80,"column":8},"end":{"line":83,"column":9}},{"start":{},"end":{}}],"line":80},"5":{"loc":{"start":{"line":84,"column":8},"end":{"line":89,"column":9}},"type":"if","locations":[{"start":{"line":84,"column":8},"end":{"line":89,"column":9}},{"start":{"line":87,"column":13},"end":{"line":89,"column":9}}],"line":84},"6":{"loc":{"start":{"line":93,"column":12},"end":{"line":93,"column":98}},"type":"binary-expr","locations":[{"start":{"line":93,"column":12},"end":{"line":93,"column":25}},{"start":{"line":93,"column":29},"end":{"line":93,"column":98}}],"line":93}},"s":{"0":1,"1":1,"2":1,"3":1,"4":1,"5":1,"6":1,"7":1,"8":1,"9":1,"10":1,"11":1,"12":1,"13":1,"14":1,"15":0,"16":0,"17":0,"18":0,"19":0,"20":0,"21":1,"22":1,"23":1,"24":0,"25":0,"26":0,"27":0,"28":0,"29":0,"30":0,"31":0,"32":0,"33":0,"34":0,"35":1,"36":1,"37":1,"38":1,"39":0,"40":1,"41":1,"42":1,"43":1},"f":{"0":1,"1":1,"2":1,"3":1,"4":1,"5":0,"6":0,"7":0,"8":0,"9":0,"10":0,"11":1},"b":{"0":[1,0,1],"1":[0,0],"2":[0,0],"3":[0,0],"4":[1,0],"5":[0,1],"6":[1,0]},"inputSourceMap":null,"_coverageSchema":"1a1c01bbd47fc00a2c39e90264f33305004495a9","hash":"a5682682fd8e882a5e33db81ac2c67c6d6a569c7"}
,"/home/pnkbizz/web/vue-yandex-maps/src/Marker.ts": {"path":"/home/pnkbizz/web/vue-yandex-maps/src/Marker.ts","statementMap":{"0":{"start":{"line":2,"column":0},"end":{"line":2,"column":62}},"1":{"start":{"line":3,"column":14},"end":{"line":3,"column":28}},"2":{"start":{"line":4,"column":16},"end":{"line":4,"column":34}},"3":{"start":{"line":5,"column":20},"end":{"line":5,"column":42}},"4":{"start":{"line":6,"column":0},"end":{"line":89,"column":3}},"5":{"start":{"line":19,"column":28},"end":{"line":19,"column":30}},"6":{"start":{"line":34,"column":27},"end":{"line":34,"column":36}},"7":{"start":{"line":35,"column":32},"end":{"line":35,"column":103}},"8":{"start":{"line":35,"column":53},"end":{"line":35,"column":102}},"9":{"start":{"line":40,"column":50},"end":{"line":40,"column":93}},"10":{"start":{"line":41,"column":23},"end":{"line":41,"column":97}},"11":{"start":{"line":41,"column":49},"end":{"line":41,"column":96}},"12":{"start":{"line":42,"column":30},"end":{"line":42,"column":51}},"13":{"start":{"line":43,"column":24},"end":{"line":53,"column":9}},"14":{"start":{"line":54,"column":37},"end":{"line":65,"column":18}},"15":{"start":{"line":57,"column":20},"end":{"line":57,"column":69}},"16":{"start":{"line":58,"column":20},"end":{"line":58,"column":47}},"17":{"start":{"line":61,"column":20},"end":{"line":61,"column":48}},"18":{"start":{"line":62,"column":20},"end":{"line":62,"column":69}},"19":{"start":{"line":66,"column":24},"end":{"line":69,"column":9}},"20":{"start":{"line":70,"column":23},"end":{"line":70,"column":60}},"21":{"start":{"line":71,"column":8},"end":{"line":71,"column":89}},"22":{"start":{"line":71,"column":40},"end":{"line":71,"column":87}},"23":{"start":{"line":71,"column":72},"end":{"line":71,"column":86}},"24":{"start":{"line":72,"column":8},"end":{"line":72,"column":45}},"25":{"start":{"line":73,"column":27},"end":{"line":76,"column":9}},"26":{"start":{"line":77,"column":8},"end":{"line":79,"column":11}},"27":{"start":{"line":78,"column":12},"end":{"line":78,"column":45}},"28":{"start":{"line":80,"column":8},"end":{"line":82,"column":11}},"29":{"start":{"line":81,"column":12},"end":{"line":81,"column":48}},"30":{"start":{"line":83,"column":8},"end":{"line":83,"column":23}},"31":{"start":{"line":84,"column":8},"end":{"line":86,"column":9}},"32":{"start":{"line":85,"column":12},"end":{"line":85,"column":138}},"33":{"start":{"line":85,"column":25},"end":{"line":85,"column":137}},"34":{"start":{"line":87,"column":8},"end":{"line":87,"column":39}},"35":{"start":{"line":87,"column":21},"end":{"line":87,"column":38}}},"fnMap":{"0":{"name":"(anonymous_0)","decl":{"start":{"line":19,"column":21},"end":{"line":19,"column":22}},"loc":{"start":{"line":19,"column":28},"end":{"line":19,"column":30}},"line":19},"1":{"name":"(anonymous_1)","decl":{"start":{"line":34,"column":21},"end":{"line":34,"column":22}},"loc":{"start":{"line":34,"column":27},"end":{"line":34,"column":36}},"line":34},"2":{"name":"(anonymous_2)","decl":{"start":{"line":35,"column":23},"end":{"line":35,"column":24}},"loc":{"start":{"line":35,"column":32},"end":{"line":35,"column":103}},"line":35},"3":{"name":"(anonymous_3)","decl":{"start":{"line":35,"column":42},"end":{"line":35,"column":43}},"loc":{"start":{"line":35,"column":53},"end":{"line":35,"column":102}},"line":35},"4":{"name":"(anonymous_4)","decl":{"start":{"line":39,"column":4},"end":{"line":39,"column":5}},"loc":{"start":{"line":39,"column":42},"end":{"line":88,"column":5}},"line":39},"5":{"name":"(anonymous_5)","decl":{"start":{"line":41,"column":43},"end":{"line":41,"column":44}},"loc":{"start":{"line":41,"column":49},"end":{"line":41,"column":96}},"line":41},"6":{"name":"(anonymous_6)","decl":{"start":{"line":56,"column":16},"end":{"line":56,"column":17}},"loc":{"start":{"line":56,"column":24},"end":{"line":59,"column":17}},"line":56},"7":{"name":"(anonymous_7)","decl":{"start":{"line":60,"column":16},"end":{"line":60,"column":17}},"loc":{"start":{"line":60,"column":24},"end":{"line":63,"column":17}},"line":60},"8":{"name":"(anonymous_8)","decl":{"start":{"line":71,"column":29},"end":{"line":71,"column":30}},"loc":{"start":{"line":71,"column":40},"end":{"line":71,"column":87}},"line":71},"9":{"name":"(anonymous_9)","decl":{"start":{"line":71,"column":65},"end":{"line":71,"column":66}},"loc":{"start":{"line":71,"column":72},"end":{"line":71,"column":86}},"line":71},"10":{"name":"(anonymous_10)","decl":{"start":{"line":77,"column":29},"end":{"line":77,"column":30}},"loc":{"start":{"line":77,"column":35},"end":{"line":79,"column":9}},"line":77},"11":{"name":"(anonymous_11)","decl":{"start":{"line":80,"column":35},"end":{"line":80,"column":36}},"loc":{"start":{"line":80,"column":41},"end":{"line":82,"column":9}},"line":80},"12":{"name":"(anonymous_12)","decl":{"start":{"line":85,"column":19},"end":{"line":85,"column":20}},"loc":{"start":{"line":85,"column":25},"end":{"line":85,"column":137}},"line":85},"13":{"name":"(anonymous_13)","decl":{"start":{"line":87,"column":15},"end":{"line":87,"column":16}},"loc":{"start":{"line":87,"column":21},"end":{"line":87,"column":38}},"line":87}},"branchMap":{"0":{"loc":{"start":{"line":40,"column":50},"end":{"line":40,"column":93}},"type":"binary-expr","locations":[{"start":{"line":40,"column":50},"end":{"line":40,"column":87}},{"start":{"line":40,"column":91},"end":{"line":40,"column":93}}],"line":40},"1":{"loc":{"start":{"line":54,"column":37},"end":{"line":65,"column":18}},"type":"cond-expr","locations":[{"start":{"line":55,"column":14},"end":{"line":64,"column":14}},{"start":{"line":65,"column":14},"end":{"line":65,"column":18}}],"line":54},"2":{"loc":{"start":{"line":84,"column":8},"end":{"line":86,"column":9}},"type":"if","locations":[{"start":{"line":84,"column":8},"end":{"line":86,"column":9}},{"start":{},"end":{}}],"line":84},"3":{"loc":{"start":{"line":85,"column":25},"end":{"line":85,"column":137}},"type":"binary-expr","locations":[{"start":{"line":85,"column":25},"end":{"line":85,"column":44}},{"start":{"line":85,"column":48},"end":{"line":85,"column":137}}],"line":85}},"s":{"0":0,"1":0,"2":0,"3":0,"4":0,"5":0,"6":0,"7":0,"8":0,"9":0,"10":0,"11":0,"12":0,"13":0,"14":0,"15":0,"16":0,"17":0,"18":0,"19":0,"20":0,"21":0,"22":0,"23":0,"24":0,"25":0,"26":0,"27":0,"28":0,"29":0,"30":0,"31":0,"32":0,"33":0,"34":0,"35":0},"f":{"0":0,"1":0,"2":0,"3":0,"4":0,"5":0,"6":0,"7":0,"8":0,"9":0,"10":0,"11":0,"12":0,"13":0},"b":{"0":[0,0],"1":[0,0],"2":[0,0],"3":[0,0]},"inputSourceMap":null}
,"/home/pnkbizz/web/vue-yandex-maps/src/ObjectManager.ts": {"path":"/home/pnkbizz/web/vue-yandex-maps/src/ObjectManager.ts","statementMap":{"0":{"start":{"line":2,"column":0},"end":{"line":2,"column":62}},"1":{"start":{"line":3,"column":16},"end":{"line":3,"column":32}},"2":{"start":{"line":4,"column":14},"end":{"line":4,"column":28}},"3":{"start":{"line":5,"column":18},"end":{"line":5,"column":72}},"4":{"start":{"line":6,"column":0},"end":{"line":43,"column":3}},"5":{"start":{"line":11,"column":28},"end":{"line":11,"column":30}},"6":{"start":{"line":16,"column":30},"end":{"line":16,"column":68}},"7":{"start":{"line":17,"column":50},"end":{"line":17,"column":93}},"8":{"start":{"line":18,"column":33},"end":{"line":31,"column":9}},"9":{"start":{"line":19,"column":12},"end":{"line":20,"column":23}},"10":{"start":{"line":20,"column":16},"end":{"line":20,"column":23}},"11":{"start":{"line":21,"column":33},"end":{"line":27,"column":15}},"12":{"start":{"line":21,"column":52},"end":{"line":27,"column":13}},"13":{"start":{"line":28,"column":12},"end":{"line":28,"column":48}},"14":{"start":{"line":29,"column":12},"end":{"line":29,"column":55}},"15":{"start":{"line":30,"column":12},"end":{"line":30,"column":21}},"16":{"start":{"line":32,"column":63},"end":{"line":32,"column":109}},"17":{"start":{"line":33,"column":8},"end":{"line":33,"column":95}},"18":{"start":{"line":34,"column":8},"end":{"line":36,"column":11}},"19":{"start":{"line":35,"column":12},"end":{"line":35,"column":40}},"20":{"start":{"line":37,"column":8},"end":{"line":39,"column":11}},"21":{"start":{"line":38,"column":12},"end":{"line":38,"column":43}},"22":{"start":{"line":40,"column":8},"end":{"line":40,"column":30}},"23":{"start":{"line":41,"column":8},"end":{"line":41,"column":39}},"24":{"start":{"line":41,"column":21},"end":{"line":41,"column":38}}},"fnMap":{"0":{"name":"(anonymous_0)","decl":{"start":{"line":11,"column":21},"end":{"line":11,"column":22}},"loc":{"start":{"line":11,"column":28},"end":{"line":11,"column":30}},"line":11},"1":{"name":"(anonymous_1)","decl":{"start":{"line":15,"column":4},"end":{"line":15,"column":5}},"loc":{"start":{"line":15,"column":42},"end":{"line":42,"column":5}},"line":15},"2":{"name":"(anonymous_2)","decl":{"start":{"line":18,"column":33},"end":{"line":18,"column":34}},"loc":{"start":{"line":18,"column":50},"end":{"line":31,"column":9}},"line":18},"3":{"name":"(anonymous_3)","decl":{"start":{"line":21,"column":41},"end":{"line":21,"column":42}},"loc":{"start":{"line":21,"column":52},"end":{"line":27,"column":13}},"line":21},"4":{"name":"(anonymous_4)","decl":{"start":{"line":34,"column":29},"end":{"line":34,"column":30}},"loc":{"start":{"line":34,"column":35},"end":{"line":36,"column":9}},"line":34},"5":{"name":"(anonymous_5)","decl":{"start":{"line":37,"column":35},"end":{"line":37,"column":36}},"loc":{"start":{"line":37,"column":41},"end":{"line":39,"column":9}},"line":37},"6":{"name":"(anonymous_6)","decl":{"start":{"line":41,"column":15},"end":{"line":41,"column":16}},"loc":{"start":{"line":41,"column":21},"end":{"line":41,"column":38}},"line":41}},"branchMap":{"0":{"loc":{"start":{"line":17,"column":50},"end":{"line":17,"column":93}},"type":"binary-expr","locations":[{"start":{"line":17,"column":50},"end":{"line":17,"column":87}},{"start":{"line":17,"column":91},"end":{"line":17,"column":93}}],"line":17},"1":{"loc":{"start":{"line":19,"column":12},"end":{"line":20,"column":23}},"type":"if","locations":[{"start":{"line":19,"column":12},"end":{"line":20,"column":23}},{"start":{},"end":{}}],"line":19},"2":{"loc":{"start":{"line":19,"column":16},"end":{"line":19,"column":45}},"type":"binary-expr","locations":[{"start":{"line":19,"column":16},"end":{"line":19,"column":30}},{"start":{"line":19,"column":34},"end":{"line":19,"column":45}}],"line":19}},"s":{"0":0,"1":0,"2":0,"3":0,"4":0,"5":0,"6":0,"7":0,"8":0,"9":0,"10":0,"11":0,"12":0,"13":0,"14":0,"15":0,"16":0,"17":0,"18":0,"19":0,"20":0,"21":0,"22":0,"23":0,"24":0},"f":{"0":0,"1":0,"2":0,"3":0,"4":0,"5":0,"6":0},"b":{"0":[0,0],"1":[0,0],"2":[0,0]},"inputSourceMap":null}
,"/home/pnkbizz/web/vue-yandex-maps/src/constants.ts": {"path":"/home/pnkbizz/web/vue-yandex-maps/src/constants.ts","statementMap":{"0":{"start":{"line":2,"column":0},"end":{"line":2,"column":62}},"1":{"start":{"line":3,"column":0},"end":{"line":3,"column":68}},"2":{"start":{"line":4,"column":0},"end":{"line":32,"column":2}},"3":{"start":{"line":33,"column":0},"end":{"line":62,"column":2}}},"fnMap":{},"branchMap":{},"s":{"0":1,"1":1,"2":1,"3":1},"f":{},"b":{},"inputSourceMap":null,"_coverageSchema":"1a1c01bbd47fc00a2c39e90264f33305004495a9","hash":"690b1322a3dfd2fee2be58772568c328644aa65c"}
,"/home/pnkbizz/web/vue-yandex-maps/src/index.ts": {"path":"/home/pnkbizz/web/vue-yandex-maps/src/index.ts","statementMap":{"0":{"start":{"line":2,"column":0},"end":{"line":2,"column":62}},"1":{"start":{"line":3,"column":0},"end":{"line":3,"column":152}},"2":{"start":{"line":4,"column":16},"end":{"line":4,"column":32}},"3":{"start":{"line":5,"column":16},"end":{"line":5,"column":34}},"4":{"start":{"line":6,"column":14},"end":{"line":6,"column":60}},"5":{"start":{"line":7,"column":17},"end":{"line":7,"column":66}},"6":{"start":{"line":8,"column":21},"end":{"line":8,"column":74}},"7":{"start":{"line":9,"column":20},"end":{"line":9,"column":72}},"8":{"start":{"line":10,"column":24},"end":{"line":10,"column":80}},"9":{"start":{"line":12,"column":0},"end":{"line":12,"column":38}},"10":{"start":{"line":13,"column":0},"end":{"line":13,"column":34}},"11":{"start":{"line":14,"column":0},"end":{"line":14,"column":40}},"12":{"start":{"line":15,"column":0},"end":{"line":15,"column":48}},"13":{"start":{"line":16,"column":0},"end":{"line":16,"column":46}},"14":{"start":{"line":17,"column":0},"end":{"line":17,"column":54}},"15":{"start":{"line":18,"column":0},"end":{"line":31,"column":2}},"16":{"start":{"line":20,"column":8},"end":{"line":21,"column":19}},"17":{"start":{"line":21,"column":12},"end":{"line":21,"column":19}},"18":{"start":{"line":22,"column":8},"end":{"line":22,"column":33}},"19":{"start":{"line":23,"column":8},"end":{"line":23,"column":53}},"20":{"start":{"line":24,"column":8},"end":{"line":24,"column":46}},"21":{"start":{"line":25,"column":8},"end":{"line":25,"column":51}},"22":{"start":{"line":26,"column":8},"end":{"line":26,"column":57}},"23":{"start":{"line":27,"column":8},"end":{"line":27,"column":65}},"24":{"start":{"line":28,"column":8},"end":{"line":28,"column":63}},"25":{"start":{"line":29,"column":8},"end":{"line":29,"column":72}}},"fnMap":{"0":{"name":"(anonymous_0)","decl":{"start":{"line":19,"column":13},"end":{"line":19,"column":14}},"loc":{"start":{"line":19,"column":31},"end":{"line":30,"column":5}},"line":19}},"branchMap":{"0":{"loc":{"start":{"line":20,"column":8},"end":{"line":21,"column":19}},"type":"if","locations":[{"start":{"line":20,"column":8},"end":{"line":21,"column":19}},{"start":{},"end":{}}],"line":20}},"s":{"0":0,"1":0,"2":0,"3":0,"4":0,"5":0,"6":0,"7":0,"8":0,"9":0,"10":0,"11":0,"12":0,"13":0,"14":0,"15":0,"16":0,"17":0,"18":0,"19":0,"20":0,"21":0,"22":0,"23":0,"24":0,"25":0},"f":{"0":0},"b":{"0":[0,0]},"inputSourceMap":null}
,"/home/pnkbizz/web/vue-yandex-maps/src/types.ts": {"path":"/home/pnkbizz/web/vue-yandex-maps/src/types.ts","statementMap":{"0":{"start":{"line":2,"column":0},"end":{"line":2,"column":62}}},"fnMap":{},"branchMap":{},"s":{"0":0},"f":{},"b":{},"inputSourceMap":null}
,"/home/pnkbizz/web/vue-yandex-maps/src/utils.ts": {"path":"/home/pnkbizz/web/vue-yandex-maps/src/utils.ts","statementMap":{"0":{"start":{"line":2,"column":0},"end":{"line":2,"column":62}},"1":{"start":{"line":3,"column":0},"end":{"line":3,"column":100}},"2":{"start":{"line":10,"column":8},"end":{"line":10,"column":25}},"3":{"start":{"line":11,"column":8},"end":{"line":11,"column":31}},"4":{"start":{"line":12,"column":8},"end":{"line":12,"column":40}},"5":{"start":{"line":13,"column":8},"end":{"line":13,"column":43}},"6":{"start":{"line":16,"column":8},"end":{"line":18,"column":9}},"7":{"start":{"line":17,"column":12},"end":{"line":17,"column":40}},"8":{"start":{"line":19,"column":8},"end":{"line":19,"column":40}},"9":{"start":{"line":20,"column":8},"end":{"line":22,"column":10}},"10":{"start":{"line":21,"column":12},"end":{"line":21,"column":96}},"11":{"start":{"line":21,"column":80},"end":{"line":21,"column":94}},"12":{"start":{"line":25,"column":22},"end":{"line":25,"column":44}},"13":{"start":{"line":26,"column":8},"end":{"line":28,"column":9}},"14":{"start":{"line":27,"column":12},"end":{"line":27,"column":40}},"15":{"start":{"line":27,"column":34},"end":{"line":27,"column":38}},"16":{"start":{"line":31,"column":0},"end":{"line":31,"column":37}},"17":{"start":{"line":33,"column":26},"end":{"line":39,"column":5}},"18":{"start":{"line":33,"column":35},"end":{"line":39,"column":5}},"19":{"start":{"line":34,"column":8},"end":{"line":38,"column":11}},"20":{"start":{"line":35,"column":12},"end":{"line":35,"column":45}},"21":{"start":{"line":36,"column":12},"end":{"line":36,"column":52}},"22":{"start":{"line":37,"column":12},"end":{"line":37,"column":22}},"23":{"start":{"line":40,"column":4},"end":{"line":60,"column":7}},"24":{"start":{"line":41,"column":8},"end":{"line":42,"column":29}},"25":{"start":{"line":42,"column":12},"end":{"line":42,"column":29}},"26":{"start":{"line":43,"column":8},"end":{"line":46,"column":9}},"27":{"start":{"line":44,"column":12},"end":{"line":44,"column":55}},"28":{"start":{"line":45,"column":12},"end":{"line":45,"column":19}},"29":{"start":{"line":47,"column":32},"end":{"line":47,"column":64}},"30":{"start":{"line":48,"column":125},"end":{"line":48,"column":133}},"31":{"start":{"line":49,"column":21},"end":{"line":49,"column":48}},"32":{"start":{"line":50,"column":29},"end":{"line":50,"column":113}},"33":{"start":{"line":51,"column":21},"end":{"line":51,"column":111}},"34":{"start":{"line":52,"column":8},"end":{"line":52,"column":50}},"35":{"start":{"line":53,"column":8},"end":{"line":53,"column":50}},"36":{"start":{"line":54,"column":8},"end":{"line":54,"column":50}},"37":{"start":{"line":55,"column":8},"end":{"line":55,"column":69}},"38":{"start":{"line":56,"column":8},"end":{"line":56,"column":51}},"39":{"start":{"line":57,"column":8},"end":{"line":57,"column":52}},"40":{"start":{"line":58,"column":8},"end":{"line":58,"column":52}},"41":{"start":{"line":59,"column":8},"end":{"line":59,"column":38}},"42":{"start":{"line":62,"column":0},"end":{"line":62,"column":32}},"43":{"start":{"line":63,"column":25},"end":{"line":68,"column":1}},"44":{"start":{"line":64,"column":4},"end":{"line":66,"column":5}},"45":{"start":{"line":65,"column":8},"end":{"line":65,"column":50}},"46":{"start":{"line":67,"column":4},"end":{"line":67,"column":17}},"47":{"start":{"line":69,"column":0},"end":{"line":69,"column":44}},"48":{"start":{"line":70,"column":0},"end":{"line":83,"column":2}}},"fnMap":{"0":{"name":"(anonymous_0)","decl":{"start":{"line":9,"column":4},"end":{"line":9,"column":5}},"loc":{"start":{"line":9,"column":18},"end":{"line":14,"column":5}},"line":9},"1":{"name":"(anonymous_1)","decl":{"start":{"line":15,"column":4},"end":{"line":15,"column":5}},"loc":{"start":{"line":15,"column":23},"end":{"line":23,"column":5}},"line":15},"2":{"name":"(anonymous_2)","decl":{"start":{"line":20,"column":15},"end":{"line":20,"column":16}},"loc":{"start":{"line":20,"column":21},"end":{"line":22,"column":9}},"line":20},"3":{"name":"(anonymous_3)","decl":{"start":{"line":21,"column":67},"end":{"line":21,"column":68}},"loc":{"start":{"line":21,"column":80},"end":{"line":21,"column":94}},"line":21},"4":{"name":"(anonymous_4)","decl":{"start":{"line":24,"column":4},"end":{"line":24,"column":5}},"loc":{"start":{"line":24,"column":21},"end":{"line":29,"column":5}},"line":24},"5":{"name":"(anonymous_5)","decl":{"start":{"line":27,"column":26},"end":{"line":27,"column":27}},"loc":{"start":{"line":27,"column":34},"end":{"line":27,"column":38}},"line":27},"6":{"name":"ymapLoader","decl":{"start":{"line":32,"column":9},"end":{"line":32,"column":19}},"loc":{"start":{"line":32,"column":30},"end":{"line":61,"column":1}},"line":32},"7":{"name":"(anonymous_7)","decl":{"start":{"line":33,"column":26},"end":{"line":33,"column":27}},"loc":{"start":{"line":33,"column":35},"end":{"line":39,"column":5}},"line":33},"8":{"name":"(anonymous_8)","decl":{"start":{"line":33,"column":35},"end":{"line":33,"column":36}},"loc":{"start":{"line":33,"column":41},"end":{"line":39,"column":5}},"line":33},"9":{"name":"(anonymous_9)","decl":{"start":{"line":34,"column":20},"end":{"line":34,"column":21}},"loc":{"start":{"line":34,"column":26},"end":{"line":38,"column":9}},"line":34},"10":{"name":"(anonymous_10)","decl":{"start":{"line":40,"column":23},"end":{"line":40,"column":24}},"loc":{"start":{"line":40,"column":37},"end":{"line":60,"column":5}},"line":40},"11":{"name":"(anonymous_11)","decl":{"start":{"line":63,"column":25},"end":{"line":63,"column":26}},"loc":{"start":{"line":63,"column":35},"end":{"line":68,"column":1}},"line":63}},"branchMap":{"0":{"loc":{"start":{"line":16,"column":8},"end":{"line":18,"column":9}},"type":"if","locations":[{"start":{"line":16,"column":8},"end":{"line":18,"column":9}},{"start":{},"end":{}}],"line":16},"1":{"loc":{"start":{"line":26,"column":8},"end":{"line":28,"column":9}},"type":"if","locations":[{"start":{"line":26,"column":8},"end":{"line":28,"column":9}},{"start":{},"end":{}}],"line":26},"2":{"loc":{"start":{"line":41,"column":8},"end":{"line":42,"column":29}},"type":"if","locations":[{"start":{"line":41,"column":8},"end":{"line":42,"column":29}},{"start":{},"end":{}}],"line":41},"3":{"loc":{"start":{"line":43,"column":8},"end":{"line":46,"column":9}},"type":"if","locations":[{"start":{"line":43,"column":8},"end":{"line":46,"column":9}},{"start":{},"end":{}}],"line":43},"4":{"loc":{"start":{"line":48,"column":16},"end":{"line":48,"column":27}},"type":"default-arg","locations":[{"start":{"line":48,"column":25},"end":{"line":48,"column":27}}],"line":48},"5":{"loc":{"start":{"line":48,"column":29},"end":{"line":48,"column":43}},"type":"default-arg","locations":[{"start":{"line":48,"column":36},"end":{"line":48,"column":43}}],"line":48},"6":{"loc":{"start":{"line":48,"column":45},"end":{"line":48,"column":60}},"type":"default-arg","locations":[{"start":{"line":48,"column":55},"end":{"line":48,"column":60}}],"line":48},"7":{"loc":{"start":{"line":48,"column":62},"end":{"line":48,"column":84}},"type":"default-arg","locations":[{"start":{"line":48,"column":75},"end":{"line":48,"column":84}}],"line":48},"8":{"loc":{"start":{"line":48,"column":86},"end":{"line":48,"column":99}},"type":"default-arg","locations":[{"start":{"line":48,"column":94},"end":{"line":48,"column":99}}],"line":48},"9":{"loc":{"start":{"line":48,"column":101},"end":{"line":48,"column":119}},"type":"default-arg","locations":[{"start":{"line":48,"column":114},"end":{"line":48,"column":119}}],"line":48},"10":{"loc":{"start":{"line":49,"column":21},"end":{"line":49,"column":48}},"type":"cond-expr","locations":[{"start":{"line":49,"column":29},"end":{"line":49,"column":36}},{"start":{"line":49,"column":39},"end":{"line":49,"column":48}}],"line":49},"11":{"loc":{"start":{"line":50,"column":44},"end":{"line":50,"column":73}},"type":"binary-expr","locations":[{"start":{"line":50,"column":44},"end":{"line":50,"column":50}},{"start":{"line":50,"column":54},"end":{"line":50,"column":73}}],"line":50},"12":{"loc":{"start":{"line":51,"column":32},"end":{"line":51,"column":63}},"type":"cond-expr","locations":[{"start":{"line":51,"column":45},"end":{"line":51,"column":58}},{"start":{"line":51,"column":61},"end":{"line":51,"column":63}}],"line":51},"13":{"loc":{"start":{"line":64,"column":4},"end":{"line":66,"column":5}},"type":"if","locations":[{"start":{"line":64,"column":4},"end":{"line":66,"column":5}},{"start":{},"end":{}}],"line":64}},"s":{"0":1,"1":1,"2":1,"3":1,"4":1,"5":1,"6":1,"7":1,"8":1,"9":1,"10":0,"11":0,"12":0,"13":0,"14":0,"15":0,"16":1,"17":1,"18":1,"19":0,"20":0,"21":0,"22":0,"23":1,"24":1,"25":0,"26":1,"27":0,"28":0,"29":1,"30":1,"31":1,"32":1,"33":1,"34":1,"35":1,"36":1,"37":1,"38":1,"39":1,"40":1,"41":1,"42":1,"43":1,"44":0,"45":0,"46":0,"47":1,"48":1},"f":{"0":1,"1":1,"2":0,"3":0,"4":0,"5":0,"6":1,"7":1,"8":0,"9":0,"10":1,"11":0},"b":{"0":[1,0],"1":[0,0],"2":[0,1],"3":[0,1],"4":[1],"5":[1],"6":[1],"7":[1],"8":[1],"9":[1],"10":[0,1],"11":[1,0],"12":[0,1],"13":[0,0]},"inputSourceMap":null,"_coverageSchema":"1a1c01bbd47fc00a2c39e90264f33305004495a9","hash":"8313df5fea22493b273fcba8d4bddfc18b8b4ba6"}
}
